0 info it worked if it ends with ok
1 verbose cli [ '/Users/kenichi.hasegawa/.nodebrew/node/v8.9.4/bin/node',
1 verbose cli   '/usr/local/bin/npm',
1 verbose cli   'cache',
1 verbose cli   'clean' ]
2 info using npm@6.4.1
3 info using node@v8.9.4
4 verbose npm-session 31c03e4b23fdd875
5 verbose stack Error: As of npm@5, the npm cache self-heals from corruption issues and data extracted from the cache is guaranteed to be valid. If you want to make sure everything is consistent, use 'npm cache verify' instead. On the other hand, if you're debugging an issue with the installer, you can use `npm install --cache /tmp/empty-cache` to use a temporary cache instead of nuking the actual one.
5 verbose stack
5 verbose stack If you're sure you want to delete the entire cache, rerun this command with --force.
5 verbose stack     at clean (/usr/local/lib/node_modules/npm/lib/cache.js:72:22)
5 verbose stack     at EventEmitter.cache (/usr/local/lib/node_modules/npm/lib/cache.js:47:16)
5 verbose stack     at Object.commandCache.(anonymous function) (/usr/local/lib/node_modules/npm/lib/npm.js:159:13)
5 verbose stack     at EventEmitter.<anonymous> (/usr/local/lib/node_modules/npm/bin/npm-cli.js:131:30)
5 verbose stack     at _combinedTickCallback (internal/process/next_tick.js:131:7)
5 verbose stack     at process._tickCallback (internal/process/next_tick.js:180:9)
6 verbose cwd /Users/kenichi.hasegawa/Desktop/tokyo_vinefru
7 verbose Darwin 17.7.0
8 verbose argv "/Users/kenichi.hasegawa/.nodebrew/node/v8.9.4/bin/node" "/usr/local/bin/npm" "cache" "clean"
9 verbose node v8.9.4
10 verbose npm  v6.4.1
11 error As of npm@5, the npm cache self-heals from corruption issues and data extracted from the cache is guaranteed to be valid. If you want to make sure everything is consistent, use 'npm cache verify' instead. On the other hand, if you're debugging an issue with the installer, you can use `npm install --cache /tmp/empty-cache` to use a temporary cache instead of nuking the actual one.
11 error
11 error If you're sure you want to delete the entire cache, rerun this command with --force.
12 verbose exit [ 1, true ]
