0 info it worked if it ends with ok
1 verbose cli [ '/Users/kenichi.hasegawa/.nodebrew/node/v8.9.4/bin/node',
1 verbose cli   '/usr/local/bin/npm',
1 verbose cli   'install',
1 verbose cli   'style.scss',
1 verbose cli   '--save' ]
2 info using npm@6.4.1
3 info using node@v8.9.4
4 verbose npm-session a7a82dd4db792fc0
5 silly install loadCurrentTree
6 silly install readLocalPackageData
7 http fetch GET 404 https://registry.npmjs.org/style.scss 580ms
8 silly fetchPackageMetaData error for style.scss@latest 404 Not Found: style.scss@latest
9 timing stage:rollbackFailedOptional Completed in 0ms
10 timing stage:runTopLevelLifecycles Completed in 1506ms
11 verbose stack Error: 404 Not Found: style.scss@latest
11 verbose stack     at fetch.then.res (/usr/local/lib/node_modules/npm/node_modules/pacote/lib/fetchers/registry/fetch.js:42:19)
11 verbose stack     at tryCatcher (/usr/local/lib/node_modules/npm/node_modules/bluebird/js/release/util.js:16:23)
11 verbose stack     at Promise._settlePromiseFromHandler (/usr/local/lib/node_modules/npm/node_modules/bluebird/js/release/promise.js:512:31)
11 verbose stack     at Promise._settlePromise (/usr/local/lib/node_modules/npm/node_modules/bluebird/js/release/promise.js:569:18)
11 verbose stack     at Promise._settlePromise0 (/usr/local/lib/node_modules/npm/node_modules/bluebird/js/release/promise.js:614:10)
11 verbose stack     at Promise._settlePromises (/usr/local/lib/node_modules/npm/node_modules/bluebird/js/release/promise.js:693:18)
11 verbose stack     at Async._drainQueue (/usr/local/lib/node_modules/npm/node_modules/bluebird/js/release/async.js:133:16)
11 verbose stack     at Async._drainQueues (/usr/local/lib/node_modules/npm/node_modules/bluebird/js/release/async.js:143:10)
11 verbose stack     at Immediate.Async.drainQueues (/usr/local/lib/node_modules/npm/node_modules/bluebird/js/release/async.js:17:14)
11 verbose stack     at runCallback (timers.js:789:20)
11 verbose stack     at tryOnImmediate (timers.js:751:5)
11 verbose stack     at processImmediate [as _immediateCallback] (timers.js:722:5)
12 verbose cwd /Users/kenichi.hasegawa/Desktop/testproject
13 verbose Darwin 17.7.0
14 verbose argv "/Users/kenichi.hasegawa/.nodebrew/node/v8.9.4/bin/node" "/usr/local/bin/npm" "install" "style.scss" "--save"
15 verbose node v8.9.4
16 verbose npm  v6.4.1
17 error code E404
18 error 404 Not Found: style.scss@latest
19 verbose exit [ 1, true ]
