0 info it worked if it ends with ok
1 verbose cli [ '/Users/kenichi.hasegawa/.nodebrew/node/v8.9.4/bin/node',
1 verbose cli   '/usr/local/bin/npm',
1 verbose cli   'build',
1 verbose cli   'parcel' ]
2 info using npm@6.4.1
3 info using node@v8.9.4
4 info build /Users/kenichi.hasegawa/Desktop/html-css-study/lesson_sass/parcel
5 verbose stack Error: ENOENT: no such file or directory, open '/Users/kenichi.hasegawa/Desktop/html-css-study/lesson_sass/parcel/package.json'
6 verbose cwd /Users/kenichi.hasegawa/Desktop/html-css-study/lesson_sass
7 verbose Darwin 17.7.0
8 verbose argv "/Users/kenichi.hasegawa/.nodebrew/node/v8.9.4/bin/node" "/usr/local/bin/npm" "build" "parcel"
9 verbose node v8.9.4
10 verbose npm  v6.4.1
11 error path /Users/kenichi.hasegawa/Desktop/html-css-study/lesson_sass/parcel/package.json
12 error code ENOENT
13 error errno -2
14 error syscall open
15 error enoent ENOENT: no such file or directory, open '/Users/kenichi.hasegawa/Desktop/html-css-study/lesson_sass/parcel/package.json'
16 error enoent This is related to npm not being able to find a file.
17 verbose exit [ -2, true ]
